Started at Sun Jul 23 10:23:38 UTC 2023
Processing maven-job
Offering maven-job to Project Build Discarder
Processing my-first-job
Offering my-first-job to Project Build Discarder
Processing pipeline
Offering pipeline to Project Build Discarder
Finished at Sun Jul 23 10:23:38 UTC 2023. 33ms
Started at Sun Jul 23 11:25:16 UTC 2023
Processing maven-job
Offering maven-job to Project Build Discarder
Processing my-first-job
Offering my-first-job to Project Build Discarder
Processing pipeline
Offering pipeline to Project Build Discarder
Finished at Sun Jul 23 11:25:16 UTC 2023. 93ms
Started at Sun Jul 23 12:23:38 UTC 2023
Processing maven-job
Offering maven-job to Project Build Discarder
Processing my-first-job
Offering my-first-job to Project Build Discarder
Processing pipeline
Offering pipeline to Project Build Discarder
Finished at Sun Jul 23 12:23:38 UTC 2023. 15ms
Started at Sun Jul 23 13:33:18 UTC 2023
Processing maven-job
Offering maven-job to Project Build Discarder
Processing my-first-job
Offering my-first-job to Project Build Discarder
Processing pipeline
Offering pipeline to Project Build Discarder
Finished at Sun Jul 23 13:33:18 UTC 2023. 8ms
